<?xml version="1.0" encoding="UTF-8"?>
<!-- Generated by org.testng.reporters.JUnitReportReporter -->
<testsuite hostname="MKD-CORP-BCP110" failures="0" tests="1" name="com.cyient.test.TC3" time="70.927" errors="0" timestamp="2021-06-19T11:42:00 IST" skipped="0">
  <testcase classname="com.cyient.test.TC3" name="test" time="70.927"/>
  <system-out/>
</testsuite> <!-- com.cyient.test.TC3 -->
