<?xml version="1.0" encoding="UTF-8"?>
<!-- Generated by org.testng.reporters.JUnitReportReporter -->
<testsuite hostname="MKD-CORP-BCP110" failures="0" tests="1" name="com.cyient.test.TC3" time="112.270" errors="0" timestamp="2021-06-18T21:02:32 IST" skipped="0">
  <testcase classname="com.cyient.test.TC3" name="test" time="112.270"/>
  <system-out/>
</testsuite> <!-- com.cyient.test.TC3 -->
