<?xml version="1.0" encoding="UTF-8"?>
<!-- Generated by org.testng.reporters.JUnitReportReporter -->
<testsuite hostname="MKD-CORP-BCP110" failures="0" tests="1" name="com.cyient.test.TC3" time="57.001" errors="0" timestamp="2021-06-19T12:57:07 IST" skipped="0">
  <testcase classname="com.cyient.test.TC3" name="test" time="57.001"/>
  <system-out/>
</testsuite> <!-- com.cyient.test.TC3 -->
