<?xml version="1.0" encoding="UTF-8"?>
<!-- Generated by org.testng.reporters.JUnitReportReporter -->
<testsuite hostname="MKD-CORP-BCP110" failures="0" tests="1" name="com.cyient.sinup.SigUp" time="58.378" errors="0" timestamp="2021-06-13T12:09:20 IST" skipped="0">
  <testcase classname="com.cyient.sinup.SigUp" name="TermsTest" time="58.378"/>
  <system-out/>
</testsuite> <!-- com.cyient.sinup.SigUp -->
