<?xml version="1.0" encoding="UTF-8"?>
<!-- Generated by org.testng.reporters.JUnitReportReporter -->
<testsuite hostname="MKD-CORP-BCP110" failures="0" tests="1" name="com.cyient.test.TC1" time="71.167" errors="0" timestamp="2021-06-19T21:40:57 IST" skipped="0">
  <testcase classname="com.cyient.test.TC1" name="TermsTest" time="71.167"/>
  <system-out/>
</testsuite> <!-- com.cyient.test.TC1 -->
